<?xml version="1.0" encoding="UTF-8"?>
<!-- Generated by org.testng.reporters.JUnitReportReporter -->
<testsuite hostname="LAPTOP-QBTEKGDE" failures="0" tests="4" name="testCases.TC003_DDT" time="34.711" errors="0" timestamp="2025-10-28T10:56:38 IST" skipped="0">
  <testcase classname="testCases.TC003_DDT" name="verify_loginDDT" time="10.516"/>
  <testcase classname="testCases.TC003_DDT" name="verify_loginDDT" time="11.449"/>
  <testcase classname="testCases.TC003_DDT" name="verify_loginDDT" time="11.118"/>
  <testcase classname="testCases.TC003_DDT" name="verify_loginDDT" time="1.628"/>
</testsuite> <!-- testCases.TC003_DDT -->
