<?xml version="1.0" encoding="UTF-8"?>
<!-- Generated by org.testng.reporters.JUnitReportReporter -->
<testsuite hostname="LAPTOP-QBTEKGDE" failures="0" tests="1" name="testCases.TC002_LoginTest" time="2.261" errors="0" timestamp="2025-10-28T23:52:01 IST" skipped="0">
  <testcase classname="testCases.TC002_LoginTest" name="verify_Login" time="2.261">
    <system-out>
      <![CDATA[Screenshot taken successfully]]>
    </system-out>
  </testcase> <!-- verify_Login -->
  <system-out>
    <![CDATA[Screenshot taken successfully]]>
  </system-out>
</testsuite> <!-- testCases.TC002_LoginTest -->
