<?xml version="1.0" encoding="UTF-8"?>
<!-- Generated by org.testng.reporters.JUnitReportReporter -->
<testsuite hostname="LAPTOP-QBTEKGDE" failures="0" tests="1" name="testCases.TC001_AccountRegistrationTest" time="2.316" errors="0" timestamp="2025-10-28T23:52:01 IST" skipped="0">
  <testcase classname="testCases.TC001_AccountRegistrationTest" name="verify_account_registration" time="2.316"/>
  <system-out>
    <![CDATA[Screenshot taken successfully]]>
  </system-out>
</testsuite> <!-- testCases.TC001_AccountRegistrationTest -->
